<?xml version="1.0" encoding="UTF-8"?>
<robot generator="Robot 3.2.1 (Python 3.8.2 on win32)" generated="20200707 12:40:10.704" rpa="false">
<suite id="s1" name="Angularjs Sample" source="E:\RobotFramework\First\tests\angularjs_sample.robot">
<test id="s1-t1" name="Open ng2-animations">
<kw name="Open Browser" library="Selenium2Library">
<doc>Opens a new browser instance to the optional ``url``.</doc>
<arguments>
<arg>https://ng2-animations.firebaseapp.com/</arg>
</arguments>
<msg timestamp="20200707 12:40:11.189" level="INFO">Opening browser 'firefox' to base url 'https://ng2-animations.firebaseapp.com/'.</msg>
<msg timestamp="20200707 12:40:11.239" level="INFO">Firefox driver log is always forced to to: E:\RobotFramework\First\results\070720\geckodriver-1.log</msg>
<status status="PASS" starttime="20200707 12:40:11.189" endtime="20200707 12:40:34.024"></status>
</kw>
<kw name="Input Text" library="Selenium2Library">
<doc>Types the given ``text`` into the text field identified by ``locator``.</doc>
<arguments>
<arg>//app-root//input</arg>
<arg>Hello</arg>
</arguments>
<msg timestamp="20200707 12:40:34.025" level="INFO">Typing text 'Hello' into text field '//app-root//input'.</msg>
<status status="PASS" starttime="20200707 12:40:34.025" endtime="20200707 12:40:34.159"></status>
</kw>
<kw name="Click Element" library="Selenium2Library">
<doc>Click the element identified by ``locator``.</doc>
<arguments>
<arg>//app-root//button</arg>
</arguments>
<msg timestamp="20200707 12:40:34.166" level="INFO">Clicking element '//app-root//button'.</msg>
<status status="PASS" starttime="20200707 12:40:34.165" endtime="20200707 12:40:34.498"></status>
</kw>
<kw name="Input Text" library="Selenium2Library">
<doc>Types the given ``text`` into the text field identified by ``locator``.</doc>
<arguments>
<arg>//app-root//input</arg>
<arg>World</arg>
</arguments>
<msg timestamp="20200707 12:40:34.499" level="INFO">Typing text 'World' into text field '//app-root//input'.</msg>
<status status="PASS" starttime="20200707 12:40:34.498" endtime="20200707 12:40:34.575"></status>
</kw>
<kw name="Click Element" library="Selenium2Library">
<doc>Click the element identified by ``locator``.</doc>
<arguments>
<arg>//app-root//button</arg>
</arguments>
<msg timestamp="20200707 12:40:34.578" level="INFO">Clicking element '//app-root//button'.</msg>
<status status="PASS" starttime="20200707 12:40:34.578" endtime="20200707 12:40:34.920"></status>
</kw>
<kw name="Input Text" library="Selenium2Library">
<doc>Types the given ``text`` into the text field identified by ``locator``.</doc>
<arguments>
<arg>//app-root//input</arg>
<arg>!!!!!</arg>
</arguments>
<msg timestamp="20200707 12:40:34.921" level="INFO">Typing text '!!!!!' into text field '//app-root//input'.</msg>
<status status="PASS" starttime="20200707 12:40:34.921" endtime="20200707 12:40:34.966"></status>
</kw>
<kw name="Click Element" library="Selenium2Library">
<doc>Click the element identified by ``locator``.</doc>
<arguments>
<arg>//app-root//button</arg>
</arguments>
<msg timestamp="20200707 12:40:34.975" level="INFO">Clicking element '//app-root//button'.</msg>
<status status="PASS" starttime="20200707 12:40:34.975" endtime="20200707 12:40:35.229"></status>
</kw>
<kw name="Click Element" library="Selenium2Library">
<doc>Click the element identified by ``locator``.</doc>
<arguments>
<arg>//app-root//li[2]</arg>
</arguments>
<msg timestamp="20200707 12:40:35.230" level="INFO">Clicking element '//app-root//li[2]'.</msg>
<status status="PASS" starttime="20200707 12:40:35.230" endtime="20200707 12:40:35.460"></status>
</kw>
<kw name="Input Text" library="Selenium2Library">
<doc>Types the given ``text`` into the text field identified by ``locator``.</doc>
<arguments>
<arg>//app-root//input</arg>
<arg>Where did the world go?\t</arg>
</arguments>
<msg timestamp="20200707 12:40:35.461" level="INFO">Typing text 'Where did the world go?	' into text field '//app-root//input'.</msg>
<status status="PASS" starttime="20200707 12:40:35.460" endtime="20200707 12:40:35.541"></status>
</kw>
<kw name="Input Text" library="Selenium2Library">
<doc>Types the given ``text`` into the text field identified by ``locator``.</doc>
<arguments>
<arg>//app-root//input</arg>
<arg>Here I am ====&gt; World</arg>
</arguments>
<msg timestamp="20200707 12:40:35.543" level="INFO">Typing text 'Here I am ====&gt; World' into text field '//app-root//input'.</msg>
<status status="PASS" starttime="20200707 12:40:35.542" endtime="20200707 12:40:35.736"></status>
</kw>
<kw name="Click Element" library="Selenium2Library">
<doc>Click the element identified by ``locator``.</doc>
<arguments>
<arg>//app-root//button</arg>
</arguments>
<msg timestamp="20200707 12:40:35.739" level="INFO">Clicking element '//app-root//button'.</msg>
<status status="PASS" starttime="20200707 12:40:35.739" endtime="20200707 12:40:35.977"></status>
</kw>
<kw name="Sleep" library="BuiltIn">
<doc>Pauses the test executed for the given time.</doc>
<arguments>
<arg>5sec</arg>
</arguments>
<msg timestamp="20200707 12:40:40.981" level="INFO">Slept 5 seconds</msg>
<status status="PASS" starttime="20200707 12:40:35.978" endtime="20200707 12:40:40.981"></status>
</kw>
<kw name="Close All Browsers" library="Selenium2Library">
<doc>Closes all open browsers and resets the browser cache.</doc>
<status status="PASS" starttime="20200707 12:40:40.981" endtime="20200707 12:40:43.709"></status>
</kw>
<status status="PASS" starttime="20200707 12:40:11.189" endtime="20200707 12:40:43.709" critical="yes"></status>
</test>
<status status="PASS" starttime="20200707 12:40:10.710" endtime="20200707 12:40:43.709"></status>
</suite>
<statistics>
<total>
<stat pass="1" fail="0">Critical Tests</stat>
<stat pass="1" fail="0">All Tests</stat>
</total>
<tag>
</tag>
<suite>
<stat pass="1" fail="0" id="s1" name="Angularjs Sample">Angularjs Sample</stat>
</suite>
</statistics>
<errors>
<msg timestamp="20200707 12:40:11.189" level="ERROR">Error in file 'E:\RobotFramework\First\tests\angularjs_sample.robot' on line 3: Initializing test library 'AngularJSLibrary' with no arguments failed: No library 'SeleniumLibrary' found.
Traceback (most recent call last):
  File "c:\users\admin 3\appdata\local\programs\python\python38\lib\site-packages\AngularJSLibrary\__init__.py", line 215, in __init__
    self._s2l._element_finder = ngElementFinder(self.root_selector, ignore_implicit_angular_wait)
  File "c:\users\admin 3\appdata\local\programs\python\python38\lib\site-packages\AngularJSLibrary\__init__.py", line 108, in __init__
    super(ngElementFinder, self).__init__(self._s2l)
  File "c:\users\admin 3\appdata\local\programs\python\python38\lib\site-packages\AngularJSLibrary\__init__.py", line 157, in _s2l
    return BuiltIn().get_library_instance('SeleniumLibrary')
  File "c:\users\admin 3\appdata\local\programs\python\python38\lib\site-packages\robot\libraries\BuiltIn.py", line 3286, in get_library_instance
    raise RuntimeError(unic(err))</msg>
</errors>
</robot>
